<?xml version="1.0" encoding="UTF-8"?>
<!-- Generated by org.testng.reporters.JUnitXMLReporter -->
<testsuite hostname="Windows-PC" ignored="0" name="Test" tests="5" failures="0" timestamp="24 Jul 2018 01:35:36 GMT" time="0.094" errors="0">
  <testcase name="TestC" time="0.015" classname="com.qtpselenium.core.ddf.testcases.DummyTestC"/>
  <testcase name="TestB" time="0.003" classname="com.qtpselenium.core.ddf.testcases.DummyTestB"/>
  <testcase name="testA1" time="0.002" classname="com.qtpselenium.core.ddf.testcases.DummyTestA"/>
  <testcase name="testA2" time="0.005" classname="com.qtpselenium.core.ddf.testcases.DummyTestA"/>
  <testcase name="testA3" time="0.002" classname="com.qtpselenium.core.ddf.testcases.DummyTestA"/>
</testsuite> <!-- Test -->
