<?xml version="1.0" encoding="UTF-8"?>
<testng-results skipped="0" failed="1" ignored="0" total="2" passed="1">
  <reporter-output>
  </reporter-output>
  <suite name="Default suite" duration-ms="24748" started-at="2018-08-08T08:58:56Z" finished-at="2018-08-08T08:59:21Z">
    <groups>
    </groups>
    <test name="Default test" duration-ms="24748" started-at="2018-08-08T08:58:56Z" finished-at="2018-08-08T08:59:21Z">
      <class name="com.tests.homePageOne">
        <test-method status="PASS" signature="Setup()[pri:0, instance:com.tests.homePageOne@a3ffec]" name="Setup" is-config="true" duration-ms="13962" started-at="2018-08-08T08:58:56Z" finished-at="2018-08-08T08:59:10Z">
          <reporter-output>
          </reporter-output>
        </test-method> <!-- Setup -->
        <test-method status="PASS" signature="LoginPageTest()[pri:0, instance:com.tests.homePageOne@a3ffec]" name="LoginPageTest" duration-ms="1779" started-at="2018-08-08T08:59:10Z" finished-at="2018-08-08T08:59:12Z">
          <reporter-output>
          </reporter-output>
        </test-method> <!-- LoginPageTest -->
        <test-method status="PASS" signature="Teardown()[pri:0, instance:com.tests.homePageOne@a3ffec]" name="Teardown" is-config="true" duration-ms="960" started-at="2018-08-08T08:59:12Z" finished-at="2018-08-08T08:59:13Z">
          <reporter-output>
          </reporter-output>
        </test-method> <!-- Teardown -->
        <test-method status="PASS" signature="Setup()[pri:0, instance:com.tests.homePageOne@a3ffec]" name="Setup" is-config="true" duration-ms="7337" started-at="2018-08-08T08:59:13Z" finished-at="2018-08-08T08:59:20Z">
          <reporter-output>
          </reporter-output>
        </test-method> <!-- Setup -->
        <test-method status="FAIL" signature="homePageTest()[pri:0, instance:com.tests.homePageOne@a3ffec]" name="homePageTest" duration-ms="3" started-at="2018-08-08T08:59:20Z" finished-at="2018-08-08T08:59:20Z">
          <exception class="java.lang.NullPointerException">
            <full-stacktrace>
              <![CDATA[java.lang.NullPointerException
at com.POM.Homepage.SearchPage(Homepage.java:22)
at com.tests.homePageOne.homePageTest(homePageOne.java:15)
at sun.reflect.NativeMethodAccessorImpl.invoke0(Native Method)
at sun.reflect.NativeMethodAccessorImpl.invoke(NativeMethodAccessorImpl.java:62)
at sun.reflect.DelegatingMethodAccessorImpl.invoke(DelegatingMethodAccessorImpl.java:43)
at java.lang.reflect.Method.invoke(Method.java:498)
at org.testng.internal.MethodInvocationHelper.invokeMethod(MethodInvocationHelper.java:124)
at org.testng.internal.Invoker.invokeMethod(Invoker.java:580)
at org.testng.internal.Invoker.invokeTestMethod(Invoker.java:716)
at org.testng.internal.Invoker.invokeTestMethods(Invoker.java:988)
at org.testng.internal.TestMethodWorker.invokeTestMethods(TestMethodWorker.java:125)
at org.testng.internal.TestMethodWorker.run(TestMethodWorker.java:109)
at org.testng.TestRunner.privateRun(TestRunner.java:648)
at org.testng.TestRunner.run(TestRunner.java:505)
at org.testng.SuiteRunner.runTest(SuiteRunner.java:455)
at org.testng.SuiteRunner.runSequentially(SuiteRunner.java:450)
at org.testng.SuiteRunner.privateRun(SuiteRunner.java:415)
at org.testng.SuiteRunner.run(SuiteRunner.java:364)
at org.testng.SuiteRunnerWorker.runSuite(SuiteRunnerWorker.java:52)
at org.testng.SuiteRunnerWorker.run(SuiteRunnerWorker.java:84)
at org.testng.TestNG.runSuitesSequentially(TestNG.java:1208)
at org.testng.TestNG.runSuitesLocally(TestNG.java:1137)
at org.testng.TestNG.runSuites(TestNG.java:1049)
at org.testng.TestNG.run(TestNG.java:1017)
at org.testng.remote.AbstractRemoteTestNG.run(AbstractRemoteTestNG.java:114)
at org.testng.remote.RemoteTestNG.initAndRun(RemoteTestNG.java:251)
at org.testng.remote.RemoteTestNG.main(RemoteTestNG.java:77)
]]>
            </full-stacktrace>
          </exception> <!-- java.lang.NullPointerException -->
          <reporter-output>
          </reporter-output>
        </test-method> <!-- homePageTest -->
        <test-method status="PASS" signature="Teardown()[pri:0, instance:com.tests.homePageOne@a3ffec]" name="Teardown" is-config="true" duration-ms="655" started-at="2018-08-08T08:59:20Z" finished-at="2018-08-08T08:59:21Z">
          <reporter-output>
          </reporter-output>
        </test-method> <!-- Teardown -->
      </class> <!-- com.tests.homePageOne -->
    </test> <!-- Default test -->
  </suite> <!-- Default suite -->
</testng-results>
